<?xml version="1.0" encoding="UTF-8"?>
<!-- Generated by org.testng.reporters.JUnitReportReporter -->
<testsuite hostname="DESKTOP-6F5TJUN" failures="0" tests="1" name="test_Scripts.HM001" time="39.023" errors="0" timestamp="2023-08-14T15:45:55 IST" skipped="0">
  <testcase classname="test_Scripts.HM001" name="VerifyTheFunctionalityOfCategoriesForNonLoggedInUser" time="39.023"/>
  <system-out>
    <![CDATA[0:0:45]]>
  </system-out>
</testsuite> <!-- test_Scripts.HM001 -->
