<?xml version="1.0" encoding="UTF-8"?>
<!-- Generated by org.testng.reporters.JUnitReportReporter -->
<testsuite hostname="DESKTOP-6F5TJUN" failures="0" tests="1" name="test_Scripts.HM002" time="63.903" errors="0" timestamp="2023-08-12T14:47:42 IST" skipped="0">
  <testcase classname="test_Scripts.HM002" name="main" time="63.903"/>
  <system-out>
    <![CDATA[Pink Solid Shirt
SF JEANS
0:12:38]]>
  </system-out>
</testsuite> <!-- test_Scripts.HM002 -->
