<?xml version="1.0" encoding="UTF-8"?>
<!-- Generated by org.testng.reporters.JUnitReportReporter -->
<testsuite hostname="DESKTOP-6F5TJUN" failures="0" tests="1" name="test_Scripts.Login_Web.LO002_Verify_user_is_able_to_login_to_application" time="36.294" errors="0" timestamp="2023-08-24T11:38:00 IST" skipped="0">
  <testcase classname="test_Scripts.Login_Web.LO002_Verify_user_is_able_to_login_to_application" name="main" time="36.294"/>
</testsuite> <!-- test_Scripts.Login_Web.LO002_Verify_user_is_able_to_login_to_application -->
