<?xml version="1.0" encoding="UTF-8"?>
<!-- Generated by org.testng.reporters.JUnitReportReporter -->
<testsuite hostname="DESKTOP-6F5TJUN" failures="0" tests="1" name="test_Scripts.HM055_Verify_The_User_Is_Able_to_Navigate_To_T_shirts_and_Casual_Shirts_PLP_Page" time="6.382" errors="0" timestamp="2023-08-07T14:28:12 IST" skipped="0">
  <testcase classname="test_Scripts.HM055_Verify_The_User_Is_Able_to_Navigate_To_T_shirts_and_Casual_Shirts_PLP_Page" name="main" time="6.382"/>
</testsuite> <!-- test_Scripts.HM055_Verify_The_User_Is_Able_to_Navigate_To_T_shirts_and_Casual_Shirts_PLP_Page -->
