<?xml version="1.0" encoding="UTF-8"?>
<!-- Generated by org.testng.reporters.JUnitReportReporter -->
<testsuite hostname="DESKTOP-6F5TJUN" failures="0" tests="1" name="test_Scripts.PDP_Web.PDP045_Verify_user_is_able_to_select_only_one_Size_button_at_a_time_under_SELECT_SIZE_option_in_PDP" time="7.229" errors="0" timestamp="2023-08-08T13:06:05 IST" skipped="0">
  <testcase classname="test_Scripts.PDP_Web.PDP045_Verify_user_is_able_to_select_only_one_Size_button_at_a_time_under_SELECT_SIZE_option_in_PDP" name="main" time="7.229"/>
</testsuite> <!-- test_Scripts.PDP_Web.PDP045_Verify_user_is_able_to_select_only_one_Size_button_at_a_time_under_SELECT_SIZE_option_in_PDP -->
