<?xml version="1.0" encoding="UTF-8"?>
<!-- Generated by org.testng.reporters.JUnitReportReporter -->
<testsuite hostname="DESKTOP-6F5TJUN" failures="0" tests="1" name="test_Scripts.PLP_Web.PLP060" time="58.484" errors="0" timestamp="2023-08-24T11:38:00 IST" skipped="0">
  <testcase classname="test_Scripts.PLP_Web.PLP060" name="main" time="58.484"/>
</testsuite> <!-- test_Scripts.PLP_Web.PLP060 -->
