<?xml version="1.0" encoding="UTF-8"?>
<!-- Generated by org.testng.reporters.JUnitReportReporter -->
<testsuite hostname="DESKTOP-6F5TJUN" failures="0" tests="1" name="test_Scripts.HM002_VerifyThe_Functionality_Of_Banners_For_Non_logged_In_User" time="34.208" errors="0" timestamp="2023-08-07T14:28:12 IST" skipped="0">
  <testcase classname="test_Scripts.HM002_VerifyThe_Functionality_Of_Banners_For_Non_logged_In_User" name="main" time="34.208"/>
</testsuite> <!-- test_Scripts.HM002_VerifyThe_Functionality_Of_Banners_For_Non_logged_In_User -->
