<?xml version="1.0" encoding="UTF-8"?>
<!-- Generated by org.testng.reporters.JUnitReportReporter -->
<testsuite hostname="DESKTOP-6F5TJUN" failures="0" tests="1" name="test_Scripts.My_Bag_Web.MB016" time="51.167" errors="0" timestamp="2023-08-10T16:20:27 IST" skipped="0">
  <testcase classname="test_Scripts.My_Bag_Web.MB016" name="main" time="51.167">
    <system-out>
      <![CDATA[Light Blue Print Top
AND]]>
    </system-out>
  </testcase> <!-- main -->
  <system-out>
    <![CDATA[Light Blue Print Top
AND]]>
  </system-out>
</testsuite> <!-- test_Scripts.My_Bag_Web.MB016 -->
