<?xml version="1.0" encoding="UTF-8"?>
<!-- Generated by org.testng.reporters.JUnitReportReporter -->
<testsuite hostname="DESKTOP-6F5TJUN" failures="0" tests="1" name="test_Scripts.HM022_Verify_that_Trending_Now_images_is_displaying_in_Home_Page_Copy" time="3.817" errors="0" timestamp="2023-08-07T14:28:12 IST" skipped="0">
  <testcase classname="test_Scripts.HM022_Verify_that_Trending_Now_images_is_displaying_in_Home_Page_Copy" name="main" time="3.817"/>
</testsuite> <!-- test_Scripts.HM022_Verify_that_Trending_Now_images_is_displaying_in_Home_Page_Copy -->
