<?xml version="1.0" encoding="UTF-8"?>
<!-- Generated by org.testng.reporters.JUnitReportReporter -->
<testsuite hostname="TYSS-Satish-Kumar" failures="0" tests="1" name="demo.testNg" time="2.162" errors="0" timestamp="2023-06-12T10:44:40 IST" skipped="0">
  <testcase classname="demo.testNg" name="test" time="2.162"/>
  <system-out/>
</testsuite> <!-- demo.testNg -->
