<?xml version="1.0" encoding="UTF-8"?>
<!-- Generated by org.testng.reporters.JUnitReportReporter -->
<testsuite hostname="DESKTOP-6F5TJUN" failures="0" tests="1" name="test_Scripts.SE002_Verify_The_Functionality_Of_Search_Textfield" time="5.842" errors="0" timestamp="2023-08-07T13:34:09 IST" skipped="0">
  <testcase classname="test_Scripts.SE002_Verify_The_Functionality_Of_Search_Textfield" name="main" time="5.842"/>
</testsuite> <!-- test_Scripts.SE002_Verify_The_Functionality_Of_Search_Textfield -->
