<?xml version="1.0" encoding="UTF-8"?>
<!-- Generated by org.testng.reporters.JUnitReportReporter -->
<testsuite hostname="DESKTOP-6F5TJUN" failures="0" tests="1" name="test_Scripts.My_Orders_Web.MO012" time="42.802" errors="0" timestamp="2023-08-24T11:38:00 IST" skipped="0">
  <testcase classname="test_Scripts.My_Orders_Web.MO012" name="main" time="42.802"/>
</testsuite> <!-- test_Scripts.My_Orders_Web.MO012 -->
