<?xml version="1.0" encoding="UTF-8"?>
<!-- Generated by org.testng.reporters.JUnitReportReporter -->
<testsuite hostname="DESKTOP-6F5TJUN" failures="0" tests="1" name="test_Scripts.Checkout_web.CO046" time="28.242" errors="0" timestamp="2023-08-10T11:52:19 IST" skipped="0">
  <testcase classname="test_Scripts.Checkout_web.CO046" name="main" time="28.242"/>
</testsuite> <!-- test_Scripts.Checkout_web.CO046 -->
