<?xml version="1.0" encoding="UTF-8"?>
<!-- Generated by org.testng.reporters.JUnitReportReporter -->
<testsuite hostname="DESKTOP-6F5TJUN" failures="0" tests="1" name="test_Scripts.SimpleTest" time="5.160" errors="0" timestamp="2023-08-05T11:44:40 IST" skipped="0">
  <testcase classname="test_Scripts.SimpleTest" name="open" time="5.160"/>
</testsuite> <!-- test_Scripts.SimpleTest -->
