<?xml version="1.0" encoding="UTF-8"?>
<!-- Generated by org.testng.reporters.JUnitReportReporter -->
<testsuite hostname="DESKTOP-6F5TJUN" failures="0" tests="1" name="test_Scripts.PLP_Web.PLP075" time="5.116" errors="0" timestamp="2023-08-10T11:52:19 IST" skipped="0">
  <testcase classname="test_Scripts.PLP_Web.PLP075" name="main" time="5.116"/>
</testsuite> <!-- test_Scripts.PLP_Web.PLP075 -->
