<?xml version="1.0" encoding="UTF-8"?>
<!-- Generated by org.testng.reporters.JUnitReportReporter -->
<testsuite hostname="DESKTOP-6F5TJUN" failures="0" tests="1" name="test_Scripts.PLP_Web.PLP050_Verify_that_page_is_reloaded_when_user_select_any_Sort_By_option_from_SORT_BY_Dropdown_list_Copy" time="4.554" errors="0" timestamp="2023-08-08T13:10:09 IST" skipped="0">
  <testcase classname="test_Scripts.PLP_Web.PLP050_Verify_that_page_is_reloaded_when_user_select_any_Sort_By_option_from_SORT_BY_Dropdown_list_Copy" name="main" time="4.554"/>
</testsuite> <!-- test_Scripts.PLP_Web.PLP050_Verify_that_page_is_reloaded_when_user_select_any_Sort_By_option_from_SORT_BY_Dropdown_list_Copy -->
