<?xml version="1.0" encoding="UTF-8"?>
<!-- Generated by org.testng.reporters.JUnitReportReporter -->
<testsuite hostname="DESKTOP-6F5TJUN" failures="0" tests="1" name="test_Scripts.PLP_Web.PLP020_Verify_that_the_user_is_able_to_filter_the_products_by_Brands_from_BRAND_filter_Copy" time="5.762" errors="0" timestamp="2023-08-08T13:09:04 IST" skipped="0">
  <testcase classname="test_Scripts.PLP_Web.PLP020_Verify_that_the_user_is_able_to_filter_the_products_by_Brands_from_BRAND_filter_Copy" name="main" time="5.762"/>
</testsuite> <!-- test_Scripts.PLP_Web.PLP020_Verify_that_the_user_is_able_to_filter_the_products_by_Brands_from_BRAND_filter_Copy -->
