<?xml version="1.0" encoding="UTF-8"?>
<!-- Generated by org.testng.reporters.JUnitReportReporter -->
<testsuite hostname="DESKTOP-6F5TJUN" failures="0" tests="1" name="test_Scripts.PLP_Web.PLP075_Verify_that_user_is_able_to_view_all_the_Product_images_in_QUICK_VIEW_Window_Copy" time="4.739" errors="0" timestamp="2023-08-08T13:11:49 IST" skipped="0">
  <testcase classname="test_Scripts.PLP_Web.PLP075_Verify_that_user_is_able_to_view_all_the_Product_images_in_QUICK_VIEW_Window_Copy" name="main" time="4.739"/>
</testsuite> <!-- test_Scripts.PLP_Web.PLP075_Verify_that_user_is_able_to_view_all_the_Product_images_in_QUICK_VIEW_Window_Copy -->
