<?xml version="1.0" encoding="UTF-8"?>
<!-- Generated by org.testng.reporters.JUnitReportReporter -->
<testsuite hostname="DESKTOP-6F5TJUN" failures="0" tests="1" name="test_Scripts.PLP_Web.PLP007_Verify_that_user_is_able_to_redirected_to_the_PLP_by_clicking_on_any_specific_subcategory_in_Menu_list_Copy" time="3.882" errors="0" timestamp="2023-08-08T13:07:40 IST" skipped="0">
  <testcase classname="test_Scripts.PLP_Web.PLP007_Verify_that_user_is_able_to_redirected_to_the_PLP_by_clicking_on_any_specific_subcategory_in_Menu_list_Copy" name="main" time="3.882"/>
</testsuite> <!-- test_Scripts.PLP_Web.PLP007_Verify_that_user_is_able_to_redirected_to_the_PLP_by_clicking_on_any_specific_subcategory_in_Menu_list_Copy -->
