<?xml version="1.0" encoding="UTF-8"?>
<!-- Generated by org.testng.reporters.JUnitReportReporter -->
<testsuite hostname="DESKTOP-6F5TJUN" failures="0" tests="1" name="test_Scripts.My_Bag_Web.MB011" time="47.734" errors="0" timestamp="2023-08-24T11:38:00 IST" skipped="0">
  <testcase classname="test_Scripts.My_Bag_Web.MB011" name="main" time="47.734"/>
</testsuite> <!-- test_Scripts.My_Bag_Web.MB011 -->
