<?xml version="1.0" encoding="UTF-8"?>
<!-- Generated by org.testng.reporters.JUnitReportReporter -->
<testsuite hostname="DESKTOP-6F5TJUN" failures="0" tests="1" name="test_Scripts.Wishlist_Web.WSL029" time="41.277" errors="0" timestamp="2023-08-24T11:38:00 IST" skipped="0">
  <testcase classname="test_Scripts.Wishlist_Web.WSL029" name="main" time="41.277"/>
</testsuite> <!-- test_Scripts.Wishlist_Web.WSL029 -->
