<?xml version="1.0" encoding="UTF-8"?>
<!-- Generated by org.testng.reporters.JUnitReportReporter -->
<testsuite hostname="DESKTOP-6F5TJUN" failures="0" tests="1" name="test_Scripts.HM055" time="14.504" errors="0" timestamp="2023-08-24T12:32:06 IST" skipped="0">
  <testcase classname="test_Scripts.HM055" name="main" time="14.504"/>
</testsuite> <!-- test_Scripts.HM055 -->
