<?xml version="1.0" encoding="UTF-8"?>
<!-- Generated by org.testng.reporters.JUnitReportReporter -->
<testsuite hostname="DESKTOP-6F5TJUN" failures="0" tests="1" name="test_Scripts.Payment_web.PA005" time="54.398" errors="0" timestamp="2023-08-24T11:38:00 IST" skipped="0">
  <testcase classname="test_Scripts.Payment_web.PA005" name="main" time="54.398"/>
</testsuite> <!-- test_Scripts.Payment_web.PA005 -->
