<?xml version="1.0" encoding="UTF-8"?>
<!-- Generated by org.testng.reporters.JUnitReportReporter -->
<testsuite hostname="DESKTOP-6F5TJUN" failures="0" tests="1" name="test_Scripts.My_Bag_Web.MB016" time="109.674" errors="0" timestamp="2023-08-12T14:47:42 IST" skipped="0">
  <testcase classname="test_Scripts.My_Bag_Web.MB016" name="main" time="109.674">
    <system-out>
      <![CDATA[Pink Solid Shirt
SF JEANS]]>
    </system-out>
  </testcase> <!-- main -->
  <system-out>
    <![CDATA[Pink Solid Shirt
SF JEANS
0:12:38]]>
  </system-out>
</testsuite> <!-- test_Scripts.My_Bag_Web.MB016 -->
