<?xml version="1.0" encoding="UTF-8"?>
<!-- Generated by org.testng.reporters.JUnitReportReporter -->
<testsuite hostname="TYSS-Satish-Kumar" failures="0" tests="1" name="test_Scripts.functionality" time="0.722" errors="0" timestamp="2023-07-01T18:32:59 IST" skipped="0">
  <testcase classname="test_Scripts.functionality" name="fuctional" time="0.722"/>
  <system-out>
    <![CDATA[suite executed]]>
  </system-out>
</testsuite> <!-- test_Scripts.functionality -->
