<?xml version="1.0" encoding="UTF-8"?>
<!-- Generated by org.testng.reporters.JUnitReportReporter -->
<testsuite hostname="DESKTOP-6F5TJUN" failures="0" tests="1" name="test_Scripts.Payment_web.PA005" time="15.462" errors="0" timestamp="2023-08-12T14:47:42 IST" skipped="0">
  <testcase classname="test_Scripts.Payment_web.PA005" name="main" time="15.462"/>
  <system-out>
    <![CDATA[Pink Solid Shirt
SF JEANS
0:12:38]]>
  </system-out>
</testsuite> <!-- test_Scripts.Payment_web.PA005 -->
